[09:55:20] [main/INFO]: Setting user: Player722
[09:55:23] [Client thread/INFO]: LWJGL Version: 2.9.1
[09:55:29] [Client thread/INFO]: Reloading ResourceManager: Default, FMLFileResourcePack:Forge Mod Loader, FMLFileResourcePack:Minecraft Forge, FMLFileResourcePack:more spalings
[09:55:31] [Sound Library Loader/INFO]: Sound engine started
[09:55:34] [Client thread/INFO]: Created: 16x16 textures/blocks-atlas
[09:55:34] [Client thread/INFO]: Created: 16x16 textures/items-atlas
[09:55:34] [Client thread/INFO]: Reloading ResourceManager: Default, FMLFileResourcePack:Forge Mod Loader, FMLFileResourcePack:Minecraft Forge, FMLFileResourcePack:more spalings
[09:55:35] [Client thread/INFO]: Created: 512x256 textures/blocks-atlas
[09:55:35] [Client thread/INFO]: Created: 256x256 textures/items-atlas
[09:55:36] [Sound Library Loader/INFO]: Sound engine started
[09:56:06] [Server thread/INFO]: Starting integrated minecraft server version 1.7.10
[09:56:06] [Server thread/INFO]: Generating keypair
[09:56:06] [Server thread/INFO]: Preparing start region for level 0
[09:56:07] [Server thread/INFO]: Changing view distance to 12, from 10
[09:56:08] [Server thread/INFO]: Player722[local:E:e3c42425] logged in with entity id 132 at (329.4514343943826, 4.0, 1560.1215992724924)
[09:56:08] [Server thread/INFO]: Player722 joined the game
[09:56:08] [Server thread/INFO]: Saving and pausing game...
[09:56:08] [Server thread/INFO]: Saving chunks for level 'New World'/Overworld
[09:56:08] [Server thread/INFO]: Saving chunks for level 'New World'/Nether
[09:56:08] [Server thread/INFO]: Saving chunks for level 'New World'/The End
[09:56:16] [Server thread/INFO]: Player722 has just earned the achievement [Taking Inventory]
[09:56:16] [Client thread/INFO]: [CHAT] Player722 has just earned the achievement [Taking Inventory]
[09:56:16] [Server thread/INFO]: Saving and pausing game...
[09:56:17] [Server thread/INFO]: Saving chunks for level 'New World'/Overworld
[09:56:17] [Server thread/INFO]: Saving chunks for level 'New World'/Nether
[09:56:17] [Server thread/INFO]: Saving chunks for level 'New World'/The End
[09:56:17] [Server thread/INFO]: Stopping server
[09:56:17] [Server thread/INFO]: Saving players
[09:56:17] [Server thread/INFO]: Saving worlds
[09:56:17] [Server thread/INFO]: Saving chunks for level 'New World'/Overworld
[09:56:17] [Server thread/INFO]: Saving chunks for level 'New World'/Nether
[09:56:17] [Server thread/INFO]: Saving chunks for level 'New World'/The End
[09:56:19] [Client thread/INFO]: Stopping!
